<?xml version="1.0" encoding="UTF-8"?>
<testsuite xmlns:xsi="http://www.w3.org/2001/XMLSchema-instance" xsi:noNamespaceSchemaLocation="https://maven.apache.org/surefire/maven-surefire-plugin/xsd/surefire-test-report-3.0.xsd" version="3.0" name="TestSuite" time="23.832" tests="3" errors="0" skipped="0" failures="1">
  <properties>
[...]
</properties>
  <testcase name="runScenario[&quot;Search Experience for product search in both home and Offers page&quot;, &quot;Search and Place the order for Products&quot;](1)" classname="cucumberOptions.TestNGRunner" time="14.627">
    <system-out><![CDATA[
@OffersPage
Scenario Outline: Search Experience for product search in both home and Offers page # src/test/java/features/SearchProduct.feature:13

@PlaceOrder
Scenario Outline: Search Experience for product search in both home and Offers page # src/test/java/features/Checkout.feature:14

@OffersPage
Scenario Outline: Search Experience for product search in both home and Offers page # src/test/java/features/SearchProduct.feature:14
  Given User is on GreenCart Landing page                                           # stepDefinitions.LandingPageStepDefinition.user_is_on_green_cart_landing_page()
  Given User is on GreenCart Landing page                                           # stepDefinitions.LandingPageStepDefinition.user_is_on_green_cart_landing_page()
  Given User is on GreenCart Landing page                                           # stepDefinitions.LandingPageStepDefinition.user_is_on_green_cart_landing_page()
Tomatois extracted from Home Page
  When user searched with Shortname Tom and extracted actual name of product        # stepDefinitions.LandingPageStepDefinition.user_searched_with_shortnamr_and_extracted_actual_name_of_product(java.lang.String)
Beetrootis extracted from Home Page
  When user searched with Shortname Beet and extracted actual name of product       # stepDefinitions.LandingPageStepDefinition.user_searched_with_shortnamr_and_extracted_actual_name_of_product(java.lang.String)
EA851BC853506F406D90A5F5B5FCDE64
862E117C83D22EBCA84385966F9D8363
Tomatois extracted from Home Page
  When user searched with Shortname Tom and extracted actual name of product        # stepDefinitions.LandingPageStepDefinition.user_searched_with_shortnamr_and_extracted_actual_name_of_product(java.lang.String)
  Then user searched for same shortname Tom in offers page                          # stepDefinitions.OfferPageStepDefinition.user_searched_for_same_shortname_in_offers_page(java.lang.String)
Product name in landing page is matching with offers page
  And validate product name in offers page matches landing page                     # stepDefinitions.OfferPageStepDefinition.validate_product_name_in_offers_page_matches_landing_page()
]]></system-out>
    <system-err><![CDATA[SLF4J: Failed to load class "org.slf4j.impl.StaticLoggerBinder".
SLF4J: Defaulting to no-operation (NOP) logger implementation
SLF4J: See http://www.slf4j.org/codes.html#StaticLoggerBinder for further details.
]]></system-err>
  </testcase>
  <testcase name="runScenario[&quot;Search Experience for product search in both home and Offers page&quot;, &quot;Search and Place the order for Products&quot;](2)" classname="cucumberOptions.TestNGRunner" time="19.003">
    <failure message="no such element: Unable to locate element: {&quot;method&quot;:&quot;xpath&quot;,&quot;selector&quot;:&quot;//*[text()=&apos;Tomato&apos;]&quot;}&#10;  (Session info: MicrosoftEdge=120.0.2210.121)&#10;For documentation on this error, please visit: https://www.selenium.dev/documentation/webdriver/troubleshooting/errors#no-such-element-exception&#10;Build info: version: &apos;4.16.1&apos;, revision: &apos;9b4c83354e&apos;&#10;System info: os.name: &apos;Windows 10&apos;, os.arch: &apos;amd64&apos;, os.version: &apos;10.0&apos;, java.version: &apos;17.0.1&apos;&#10;Driver info: org.openqa.selenium.edge.EdgeDriver&#10;Command: [b20a040f218ae41c409a091654a636fb, findElement {using=xpath, value=//*[text()=&apos;Tomato&apos;]}]&#10;Capabilities {acceptInsecureCerts: false, browserName: MicrosoftEdge, browserVersion: 120.0.2210.121, fedcm:accounts: true, ms:edgeOptions: {debuggerAddress: localhost:56969}, msedge: {msedgedriverVersion: 120.0.2210.121 (6086ec26a02..., userDataDir: C:\Users\HP\AppData\Local\T...}, networkConnectionEnabled: false, pageLoadStrategy: normal, platformName: windows, proxy: Proxy(), se:cdp: ws://localhost:56969/devtoo..., se:cdpVersion: 120.0.2210.121, setWindowRect: true, strictFileInteractability: false, timeouts: {implicit: 0, pageLoad: 300000, script: 30000}, unhandledPromptBehavior: dismiss and notify, webauthn:extension:credBlob: true, webauthn:extension:largeBlob: true, webauthn:extension:minPinLength: true, webauthn:extension:prf: true, webauthn:virtualAuthenticators: true}&#10;Session ID: b20a040f218ae41c409a091654a636fb" type="org.openqa.selenium.NoSuchElementException"><![CDATA[org.openqa.selenium.NoSuchElementException: 
no such element: Unable to locate element: {"method":"xpath","selector":"//*[text()='Tomato']"}
  (Session info: MicrosoftEdge=120.0.2210.121)
For documentation on this error, please visit: https://www.selenium.dev/documentation/webdriver/troubleshooting/errors#no-such-element-exception
Build info: version: '4.16.1', revision: '9b4c83354e'
System info: os.name: 'Windows 10', os.arch: 'amd64', os.version: '10.0', java.version: '17.0.1'
Driver info: org.openqa.selenium.edge.EdgeDriver
Command: [b20a040f218ae41c409a091654a636fb, findElement {using=xpath, value=//*[text()='Tomato']}]
Capabilities {acceptInsecureCerts: false, browserName: MicrosoftEdge, browserVersion: 120.0.2210.121, fedcm:accounts: true, ms:edgeOptions: {debuggerAddress: localhost:56969}, msedge: {msedgedriverVersion: 120.0.2210.121 (6086ec26a02..., userDataDir: C:\Users\HP\AppData\Local\T...}, networkConnectionEnabled: false, pageLoadStrategy: normal, platformName: windows, proxy: Proxy(), se:cdp: ws://localhost:56969/devtoo..., se:cdpVersion: 120.0.2210.121, setWindowRect: true, strictFileInteractability: false, timeouts: {implicit: 0, pageLoad: 300000, script: 30000}, unhandledPromptBehavior: dismiss and notify, webauthn:extension:credBlob: true, webauthn:extension:largeBlob: true, webauthn:extension:minPinLength: true, webauthn:extension:prf: true, webauthn:virtualAuthenticators: true}
Session ID: b20a040f218ae41c409a091654a636fb
]]></failure>
    <system-out><![CDATA[  And Added 3 items of the selected product to cart                                 # stepDefinitions.LandingPageStepDefinition.Added_3_items_of_the_selected_product(java.lang.String)
  Then user searched for same shortname Beet in offers page                         # stepDefinitions.OfferPageStepDefinition.user_searched_for_same_shortname_in_offers_page(java.lang.String)
      org.openqa.selenium.NoSuchElementException: no such element: Unable to locate element: {"method":"xpath","selector":"//*[text()='Tomato']"}
  (Session info: MicrosoftEdge=120.0.2210.121)
For documentation on this error, please visit: https://www.selenium.dev/documentation/webdriver/troubleshooting/errors#no-such-element-exception
Build info: version: '4.16.1', revision: '9b4c83354e'
System info: os.name: 'Windows 10', os.arch: 'amd64', os.version: '10.0', java.version: '17.0.1'
Driver info: org.openqa.selenium.edge.EdgeDriver
Command: [b20a040f218ae41c409a091654a636fb, findElement {using=xpath, value=//*[text()='Tomato']}]
Capabilities {acceptInsecureCerts: false, browserName: MicrosoftEdge, browserVersion: 120.0.2210.121, fedcm:accounts: true, ms:edgeOptions: {debuggerAddress: localhost:56969}, msedge: {msedgedriverVersion: 120.0.2210.121 (6086ec26a02..., userDataDir: C:\Users\HP\AppData\Local\T...}, networkConnectionEnabled: false, pageLoadStrategy: normal, platformName: windows, proxy: Proxy(), se:cdp: ws://localhost:56969/devtoo..., se:cdpVersion: 120.0.2210.121, setWindowRect: true, strictFileInteractability: false, timeouts: {implicit: 0, pageLoad: 300000, script: 30000}, unhandledPromptBehavior: dismiss and notify, webauthn:extension:credBlob: true, webauthn:extension:largeBlob: true, webauthn:extension:minPinLength: true, webauthn:extension:prf: true, webauthn:virtualAuthenticators: true}
Session ID: b20a040f218ae41c409a091654a636fb
	at java.base/jdk.internal.reflect.NativeConstructorAccessorImpl.newInstance0(Native Method)
	at java.base/jdk.internal.reflect.NativeConstructorAccessorImpl.newInstance(NativeConstructorAccessorImpl.java:77)
	at java.base/jdk.internal.reflect.DelegatingConstructorAccessorImpl.newInstance(DelegatingConstructorAccessorImpl.java:45)
	at java.base/java.lang.reflect.Constructor.newInstanceWithCaller(Constructor.java:499)
	at java.base/java.lang.reflect.Constructor.newInstance(Constructor.java:480)
	at org.openqa.selenium.remote.codec.w3c.W3CHttpResponseCodec.createException(W3CHttpResponseCodec.java:200)
	at org.openqa.selenium.remote.codec.w3c.W3CHttpResponseCodec.decode(W3CHttpResponseCodec.java:133)
	at org.openqa.selenium.remote.codec.w3c.W3CHttpResponseCodec.decode(W3CHttpResponseCodec.java:52)
	at org.openqa.selenium.remote.HttpCommandExecutor.execute(HttpCommandExecutor.java:191)
	at org.openqa.selenium.remote.service.DriverCommandExecutor.invokeExecute(DriverCommandExecutor.java:200)
	at org.openqa.selenium.remote.service.DriverCommandExecutor.execute(DriverCommandExecutor.java:175)
	at org.openqa.selenium.remote.RemoteWebDriver.execute(RemoteWebDriver.java:523)
	at org.openqa.selenium.remote.ElementLocation$ElementFinder$2.findElement(ElementLocation.java:165)
	at org.openqa.selenium.remote.ElementLocation.findElement(ElementLocation.java:59)
	at org.openqa.selenium.remote.RemoteWebDriver.findElement(RemoteWebDriver.java:360)
	at org.openqa.selenium.remote.RemoteWebDriver.findElement(RemoteWebDriver.java:354)
	at pageObjects.OffersPage.getProductName(OffersPage.java:21)
	at stepDefinitions.OfferPageStepDefinition.user_searched_for_same_shortname_in_offers_page(OfferPageStepDefinition.java:31)
	at âœ½.user searched for same shortname Beet in offers page(file:///C:/Users/HP/eclipse-workspace/CucumberFramework/src/test/java/features/SearchProduct.feature:8)


    Embedding image11 [image/png 30882 bytes]

  And validate product name in offers page matches landing page                     # stepDefinitions.OfferPageStepDefinition.validate_product_name_in_offers_page_matches_landing_page()
]]></system-out>
  </testcase>
  <testcase name="runScenario[&quot;Search Experience for product search in both home and Offers page&quot;, &quot;Place the order for Products&quot;](3)" classname="cucumberOptions.TestNGRunner" time="21.032">
    <system-out><![CDATA[  Then user proceeds to checkout and validate the Tom items in checkout page        # stepDefinitions.CheckoutPageStepDefinition.User_proceeds_to_checkout(java.lang.String)
  And verify user has ability to enter promo code and place the order               # stepDefinitions.CheckoutPageStepDefinition.verify_user_has_ability_enter_promo()
]]></system-out>
  </testcase>
</testsuite>