<?xml version="1.0" encoding="UTF-8"?>
<!-- Generated by org.testng.reporters.JUnitXMLReporter -->
<testsuite ignored="2" hostname="LAPTOP-LD9E33NK" failures="0" tests="6" name="Car Loan" time="0.067" errors="0" timestamp="2022-12-01T12:22:53 IST">
  <testcase classname="Test.Day4" name="SomeData" time="0.008"/>
  <testcase classname="Test.Day3" name="MobileLoginHomeLoan" time="0.007"/>
  <testcase classname="Test.Day3" name="WebLoginHome" time="0.001"/>
  <testcase classname="Test.Day4" name="SomeTest" time="0.003"/>
  <testcase classname="Test.Day4" name="SomeThing" time="0.001"/>
  <testcase classname="Test.Day3" name="LoginAPIHomeLoan" time="0.001"/>
  <testcase classname="Test.Day4" name="needdata" time="0.0">
    <ignored/>
  </testcase> <!-- needdata -->
  <testcase classname="Test.Day4" name="ThingSomeReverse" time="0.0">
    <ignored/>
  </testcase> <!-- ThingSomeReverse -->
</testsuite> <!-- Car Loan -->
