<?xml version="1.0" encoding="UTF-8"?>
<!-- Generated by org.testng.reporters.JUnitXMLReporter -->
<testsuite ignored="0" hostname="LAPTOP-LD9E33NK" failures="0" tests="4" name="MyTests" time="0.071" errors="0" timestamp="2022-12-01T12:22:53 IST">
  <testcase classname="Test.Day2" name="Day2" time="0.005"/>
  <testcase classname="Test.Day1" name="Demo" time="0.001"/>
  <testcase classname="Test.Day1" name="Varun" time="0.001"/>
  <testcase classname="Test.Day2" name="Day1" time="0.001"/>
</testsuite> <!-- MyTests -->
