<?xml version="1.0" encoding="UTF-8"?>
<testng-results ignored="0" total="1" passed="1" failed="0" skipped="0">
  <reporter-output>
  </reporter-output>
  <suite started-at="2023-01-14T12:32:57 IST" name="Default suite" finished-at="2023-01-14T12:33:11 IST" duration-ms="13947">
    <groups>
    </groups>
    <test started-at="2023-01-14T12:32:57 IST" name="Default test" finished-at="2023-01-14T12:33:11 IST" duration-ms="13947">
      <class name="varunpatil.ExtendReport.ExtentReport.ExtentReportDemo">
        <test-method is-config="true" signature="config()[pri:0, instance:varunpatil.ExtendReport.ExtentReport.ExtentReportDemo@4df50bcc]" started-at="2023-01-14T12:32:57 IST" name="config" finished-at="2023-01-14T12:32:57 IST" duration-ms="304" status="PASS">
          <reporter-output>
          </reporter-output>
        </test-method> <!-- config -->
        <test-method signature="initialDemo()[pri:0, instance:varunpatil.ExtendReport.ExtentReport.ExtentReportDemo@4df50bcc]" started-at="2023-01-14T12:32:57 IST" name="initialDemo" finished-at="2023-01-14T12:33:11 IST" duration-ms="13603" status="PASS">
          <reporter-output>
          </reporter-output>
        </test-method> <!-- initialDemo -->
      </class> <!-- varunpatil.ExtendReport.ExtentReport.ExtentReportDemo -->
    </test> <!-- Default test -->
  </suite> <!-- Default suite -->
</testng-results>
